<?xml version="1.0" encoding="UTF-8"?>
<!-- Generated by org.testng.reporters.JUnitReportReporter -->
<testsuite hostname="DESKTOP-GHQ916B" failures="0" tests="3" name="entrata.EntrataTest" time="131.834" errors="0" timestamp="2024-01-29T18:59:51 IST" skipped="0">
  <testcase classname="entrata.EntrataTest" name="entrataLoginTest" time="117.562"/>
  <system-out/>
  <testcase classname="entrata.EntrataTest" name="verifyelementispresentornot" time="14.220"/>
  <system-out/>
  <testcase classname="entrata.EntrataTest" name="propertymanagerlogin" time="0.052"/>
  <system-out/>
</testsuite> <!-- entrata.EntrataTest -->
